YES
9003
5472
5439
5474
5486
9003
5447
5485
5463
9003
5447
9003
9003
5447
9003
5441
9003
5472
5449
5470
9003
5480
5451
5458
5464
5458
5487
5472
5439
9003
9003
5440
5440
9003
5451
5435
5474
9003
5477
5437
5470
5449
5474
9003
5451
5461
5442
5489
5474
5474
5450
5463
5442
9003
5450
5458
9003
5452
9003
5474
5454
5463
5472
9003
5451
5435
9003
9003
5443
5448
5472
5437
5459
5480
5486
9003
5436
5474
5441
5460
9003
9003
5498
5485
5460
5457
9003
9003
5465
5463
5488
5459
5443
5482
9003
9003
5441
9003
5458
5441
5466
9003
5474
9003
9003
5464
5435
5440
5463
9003
9003
5458
5458
5441
5448
9003
9003
9003
5443
5498
5443
5482
5448
5450
5478
5463
5443
5452
5447
5498
5434
5485
5436
5449
5468
5447
5434
5487
9003
9003
9003
5460
9003
5450
5442
5488
5474
5453
9003
5448
5458
5487
5463
9003
5451
5482
5442
5434
5472
9003
5478
5465
5439
5443
5448
5472
5439
5441
9003
5457
5472
9003
9003
5477
5445
9003
5437
5450
5439
5474
9003
5459
9003
5470
5478
5433
5454
9003
9003
5450
5453
5450
5451
5465
5465
5480
9003
5435
5443
5435
5439
5450
5435
9003
5433
5445
9003
9003
5447
5466
5441
5465
9003
5451
5435
9003
9003
9003
5441
5472
5453
5443
5463
5477
5451
5442
5454
5489
9003
5458
5448
9003
5458
5466
5435
5442
9003
5488
5461
5445
5474
5443
5457
9003
5441
5450
5463
5435
9003
9003
5461
5451
5433
9003
5489
5468
5486
9003
5464
5468
5465
5452
5474
5436
